<?xml version="1.0" encoding="UTF-8"?>
<testsuite name="com.mercadolibre.proyecto_entrenamiento_cholaos.unit.ApplicationTests" tests="2" skipped="0" failures="0" errors="0" timestamp="2024-04-25T15:41:58" hostname="CO000F9Y4H6H4P2" time="1.047">
  <properties/>
  <testcase name="mainMethodTest()" classname="com.mercadolibre.proyecto_entrenamiento_cholaos.unit.ApplicationTests" time="1.044"/>
  <testcase name="contextLoads()" classname="com.mercadolibre.proyecto_entrenamiento_cholaos.unit.ApplicationTests" time="0.002"/>
  <system-out><![CDATA[  ______                   _____            _                                    
 |  ____|                 / ____|          (_)                 /\                
 | |__ _   _ _ __ _   _  | (___  _ __  _ __ _ _ __   __ _     /  \   _ __  _ __  
 |  __| | | | '__| | | |  \___ \| '_ \| '__| | '_ \ / _` |   / /\ \ | '_ \| '_ \ 
 | |  | |_| | |  | |_| |  ____) | |_) | |  | | | | | (_| |  / ____ \| |_) | |_) |
 |_|   \__,_|_|   \__, | |_____/| .__/|_|  |_|_| |_|\__, | /_/    \_\ .__/| .__/ 
                   __/ |        | |                  __/ |          | |   | |    
                  |___/         |_|                 |___/           |_|   |_|    
2024-04-25T10:41:57.859-05:00  INFO 80222 --- [    Test worker] c.m.p.unit.ApplicationTests              : Starting ApplicationTests using Java 21.0.3 with PID 80222 (started by lumojica in /Users/lumojica/Documents/Proyectos/proyecto-entrenamiento-cholaos)
2024-04-25T10:41:57.861-05:00  INFO 80222 --- [    Test worker] c.m.p.unit.ApplicationTests              : The following 1 profile is active: "test"
2024-04-25T10:41:58.873-05:00  INFO 80222 --- [    Test worker] c.m.p.unit.ApplicationTests              : Started ApplicationTests in 1.276 seconds (process running for 3.071)
  ______                   _____            _                                    
 |  ____|                 / ____|          (_)                 /\                
 | |__ _   _ _ __ _   _  | (___  _ __  _ __ _ _ __   __ _     /  \   _ __  _ __  
 |  __| | | | '__| | | |  \___ \| '_ \| '__| | '_ \ / _` |   / /\ \ | '_ \| '_ \ 
 | |  | |_| | |  | |_| |  ____) | |_) | |  | | | | | (_| |  / ____ \| |_) | |_) |
 |_|   \__,_|_|   \__, | |_____/| .__/|_|  |_|_| |_|\__, | /_/    \_\ .__/| .__/ 
                   __/ |        | |                  __/ |          | |   | |    
                  |___/         |_|                 |___/           |_|   |_|    
2024-04-25T10:41:59.566-05:00  INFO 80222 --- [    Test worker] c.m.p.Application                        : Starting Application using Java 21.0.3 with PID 80222 (started by lumojica in /Users/lumojica/Documents/Proyectos/proyecto-entrenamiento-cholaos)
2024-04-25T10:41:59.567-05:00  INFO 80222 --- [    Test worker] c.m.p.Application                        : No active profile set, falling back to 1 default profile: "default"
2024-04-25T10:41:59.913-05:00  INFO 80222 --- [    Test worker] o.s.b.web.embedded.netty.NettyWebServer  : Netty started on port 8080
2024-04-25T10:41:59.915-05:00  INFO 80222 --- [    Test worker] c.m.p.Application                        : Started Application in 0.36 seconds (process running for 4.113)
]]></system-out>
  <system-err><![CDATA[WARNING: A Java agent has been loaded dynamically (/Users/lumojica/.gradle/caches/modules-2/files-2.1/net.bytebuddy/byte-buddy-agent/1.14.12/be4984cb6fd1ef1d11f218a648889dfda44b8a15/byte-buddy-agent-1.14.12.jar)
WARNING: If a serviceability tool is in use, please run with -XX:+EnableDynamicAgentLoading to hide this warning
WARNING: If a serviceability tool is not in use, please run with -Djdk.instrument.traceUsage for more information
WARNING: Dynamic loading of agents will be disallowed by default in a future release
]]></system-err>
</testsuite>
