<?xml version="1.0" encoding="UTF-8"?>
<testsuite name="com.mercadolibre.proyecto_entrenamiento_cholaos.unit.ItemServiceImplTest" tests="1" skipped="0" failures="0" errors="0" timestamp="2024-04-25T15:41:59" hostname="CO000F9Y4H6H4P2" time="0.086">
  <properties/>
  <testcase name="testInjectionViaReflection()" classname="com.mercadolibre.proyecto_entrenamiento_cholaos.unit.ItemServiceImplTest" time="0.086"/>
  <system-out><![CDATA[]]></system-out>
  <system-err><![CDATA[]]></system-err>
</testsuite>
