<?xml version="1.0" encoding="UTF-8"?>
<testsuite name="com.mercadolibre.proyecto_entrenamiento_cholaos.unit.ApplicationTests" tests="2" skipped="0" failures="0" errors="0" timestamp="2024-04-30T20:57:33" hostname="CO000F9Y4H6H4P2" time="0.351">
  <properties/>
  <testcase name="mainMethodTest()" classname="com.mercadolibre.proyecto_entrenamiento_cholaos.unit.ApplicationTests" time="0.348"/>
  <testcase name="contextLoads()" classname="com.mercadolibre.proyecto_entrenamiento_cholaos.unit.ApplicationTests" time="0.002"/>
  <system-out><![CDATA[  ______                   _____            _                                    
 |  ____|                 / ____|          (_)                 /\                
 | |__ _   _ _ __ _   _  | (___  _ __  _ __ _ _ __   __ _     /  \   _ __  _ __  
 |  __| | | | '__| | | |  \___ \| '_ \| '__| | '_ \ / _` |   / /\ \ | '_ \| '_ \ 
 | |  | |_| | |  | |_| |  ____) | |_) | |  | | | | | (_| |  / ____ \| |_) | |_) |
 |_|   \__,_|_|   \__, | |_____/| .__/|_|  |_|_| |_|\__, | /_/    \_\ .__/| .__/ 
                   __/ |        | |                  __/ |          | |   | |    
                  |___/         |_|                 |___/           |_|   |_|    
2024-04-30T15:57:33.513-05:00  INFO 51877 --- [    Test worker] c.m.p.unit.ApplicationTests              : Starting ApplicationTests using Java 21.0.3 with PID 51877 (started by lumojica in /Users/lumojica/Documents/Proyectos/proyecto-entrenamiento-cholaos-review)
2024-04-30T15:57:33.514-05:00  INFO 51877 --- [    Test worker] c.m.p.unit.ApplicationTests              : The following 1 profile is active: "test"
2024-04-30T15:57:33.584-05:00  INFO 51877 --- [    Test worker] restClientLogger                         : [RestClientBuildMetric]: Initial build metric for: __meli__default__
2024-04-30T15:57:33.584-05:00  INFO 51877 --- [    Test worker] restClientLogger                         : [RestClientBuildMetric]: getting strategy data for: __meli__default__
2024-04-30T15:57:33.584-05:00  INFO 51877 --- [    Test worker] restClientLogger                         : [RestClientBuildMetric]: Returning strategy data for: __meli__default__
2024-04-30T15:57:33.584-05:00  INFO 51877 --- [    Test worker] restClientLogger                         : [RestClientBuildMetric]: getting common data for: __meli__default__
2024-04-30T15:57:33.585-05:00  INFO 51877 --- [    Test worker] restClientLogger                         : [RestClientBuildMetric]: Returning common data for: __meli__default__
2024-04-30T15:57:33.585-05:00  INFO 51877 --- [    Test worker] restClientLogger                         : [RestClientBuildMetric]: Sending data to Insights
2024-04-30T15:57:33.589-05:00  INFO 51877 --- [    Test worker] restClientLogger                         : [RestClientBuildMetric]: Initial build metric for: my_pool
2024-04-30T15:57:33.589-05:00  INFO 51877 --- [    Test worker] restClientLogger                         : [RestClientBuildMetric]: getting strategy data for: my_pool
2024-04-30T15:57:33.589-05:00  INFO 51877 --- [    Test worker] restClientLogger                         : [RestClientBuildMetric]: Returning strategy data for: my_pool
2024-04-30T15:57:33.589-05:00  INFO 51877 --- [    Test worker] restClientLogger                         : [RestClientBuildMetric]: getting common data for: my_pool
2024-04-30T15:57:33.589-05:00  INFO 51877 --- [    Test worker] restClientLogger                         : [RestClientBuildMetric]: Returning common data for: my_pool
2024-04-30T15:57:33.589-05:00  INFO 51877 --- [    Test worker] restClientLogger                         : [RestClientBuildMetric]: Sending data to Insights
2024-04-30T15:57:33.589-05:00  INFO 51877 --- [    Test worker] restClientLogger                         : [RestClientBuildMetric]: Initial build metric for: my_bpool
2024-04-30T15:57:33.589-05:00  INFO 51877 --- [    Test worker] restClientLogger                         : [RestClientBuildMetric]: getting strategy data for: my_bpool
2024-04-30T15:57:33.589-05:00  INFO 51877 --- [    Test worker] restClientLogger                         : [RestClientBuildMetric]: Returning strategy data for: my_bpool
2024-04-30T15:57:33.589-05:00  INFO 51877 --- [    Test worker] restClientLogger                         : [RestClientBuildMetric]: getting common data for: my_bpool
2024-04-30T15:57:33.589-05:00  INFO 51877 --- [    Test worker] restClientLogger                         : [RestClientBuildMetric]: Returning common data for: my_bpool
2024-04-30T15:57:33.589-05:00  INFO 51877 --- [    Test worker] restClientLogger                         : [RestClientBuildMetric]: Sending data to Insights
2024-04-30T15:57:33.648-05:00  INFO 51877 --- [    Test worker] c.m.p.unit.ApplicationTests              : Started ApplicationTests in 0.15 seconds (process running for 3.982)
  ______                   _____            _                                    
 |  ____|                 / ____|          (_)                 /\                
 | |__ _   _ _ __ _   _  | (___  _ __  _ __ _ _ __   __ _     /  \   _ __  _ __  
 |  __| | | | '__| | | |  \___ \| '_ \| '__| | '_ \ / _` |   / /\ \ | '_ \| '_ \ 
 | |  | |_| | |  | |_| |  ____) | |_) | |  | | | | | (_| |  / ____ \| |_) | |_) |
 |_|   \__,_|_|   \__, | |_____/| .__/|_|  |_|_| |_|\__, | /_/    \_\ .__/| .__/ 
                   __/ |        | |                  __/ |          | |   | |    
                  |___/         |_|                 |___/           |_|   |_|    
2024-04-30T15:57:33.664-05:00  INFO 51877 --- [    Test worker] c.m.p.Application                        : Starting Application using Java 21.0.3 with PID 51877 (started by lumojica in /Users/lumojica/Documents/Proyectos/proyecto-entrenamiento-cholaos-review)
2024-04-30T15:57:33.664-05:00  INFO 51877 --- [    Test worker] c.m.p.Application                        : No active profile set, falling back to 1 default profile: "default"
2024-04-30T15:57:33.827-05:00  INFO 51877 --- [    Test worker] restClientLogger                         : [RestClientBuildMetric]: Initial build metric for: my_pool
2024-04-30T15:57:33.828-05:00  INFO 51877 --- [    Test worker] restClientLogger                         : [RestClientBuildMetric]: getting strategy data for: my_pool
2024-04-30T15:57:33.828-05:00  INFO 51877 --- [    Test worker] restClientLogger                         : [RestClientBuildMetric]: Returning strategy data for: my_pool
2024-04-30T15:57:33.828-05:00  INFO 51877 --- [    Test worker] restClientLogger                         : [RestClientBuildMetric]: getting common data for: my_pool
2024-04-30T15:57:33.828-05:00  INFO 51877 --- [    Test worker] restClientLogger                         : [RestClientBuildMetric]: Returning common data for: my_pool
2024-04-30T15:57:33.828-05:00  INFO 51877 --- [    Test worker] restClientLogger                         : [RestClientBuildMetric]: Sending data to Insights
2024-04-30T15:57:33.828-05:00  INFO 51877 --- [    Test worker] restClientLogger                         : [RestClientBuildMetric]: Initial build metric for: my_bpool
2024-04-30T15:57:33.828-05:00  INFO 51877 --- [    Test worker] restClientLogger                         : [RestClientBuildMetric]: getting strategy data for: my_bpool
2024-04-30T15:57:33.828-05:00  INFO 51877 --- [    Test worker] restClientLogger                         : [RestClientBuildMetric]: Returning strategy data for: my_bpool
2024-04-30T15:57:33.828-05:00  INFO 51877 --- [    Test worker] restClientLogger                         : [RestClientBuildMetric]: getting common data for: my_bpool
2024-04-30T15:57:33.828-05:00  INFO 51877 --- [    Test worker] restClientLogger                         : [RestClientBuildMetric]: Returning common data for: my_bpool
2024-04-30T15:57:33.828-05:00  INFO 51877 --- [    Test worker] restClientLogger                         : [RestClientBuildMetric]: Sending data to Insights
2024-04-30T15:57:33.994-05:00  INFO 51877 --- [    Test worker] o.s.b.web.embedded.netty.NettyWebServer  : Netty started on port 8080
2024-04-30T15:57:33.997-05:00  INFO 51877 --- [    Test worker] c.m.p.Application                        : Started Application in 0.344 seconds (process running for 4.331)
]]></system-out>
  <system-err><![CDATA[]]></system-err>
</testsuite>
