<?xml version="1.0" encoding="UTF-8"?>
<testsuite name="com.mercadolibre.proyecto_entrenamiento_cholaos.unit.ApplicationTests" tests="1" skipped="0" failures="0" errors="0" timestamp="2024-04-24T22:34:24" hostname="CO000F9Y4H6H4P2" time="0.807">
  <properties/>
  <testcase name="contextLoads()" classname="com.mercadolibre.proyecto_entrenamiento_cholaos.unit.ApplicationTests" time="0.807"/>
  <system-out><![CDATA[  ______                   _____            _                                    
 |  ____|                 / ____|          (_)                 /\                
 | |__ _   _ _ __ _   _  | (___  _ __  _ __ _ _ __   __ _     /  \   _ __  _ __  
 |  __| | | | '__| | | |  \___ \| '_ \| '__| | '_ \ / _` |   / /\ \ | '_ \| '_ \ 
 | |  | |_| | |  | |_| |  ____) | |_) | |  | | | | | (_| |  / ____ \| |_) | |_) |
 |_|   \__,_|_|   \__, | |_____/| .__/|_|  |_|_| |_|\__, | /_/    \_\ .__/| .__/ 
                   __/ |        | |                  __/ |          | |   | |    
                  |___/         |_|                 |___/           |_|   |_|    
2024-04-24T17:34:23.658-05:00  INFO 43444 --- [    Test worker] c.m.p.unit.ApplicationTests              : Starting ApplicationTests using Java 21.0.3 with PID 43444 (started by lumojica in /Users/lumojica/Documents/Proyectos/proyecto-entrenamiento-cholaos)
2024-04-24T17:34:23.663-05:00  INFO 43444 --- [    Test worker] c.m.p.unit.ApplicationTests              : No active profile set, falling back to 1 default profile: "default"
2024-04-24T17:34:24.894-05:00  INFO 43444 --- [    Test worker] c.m.p.unit.ApplicationTests              : Started ApplicationTests in 1.532 seconds (process running for 3.061)
]]></system-out>
  <system-err><![CDATA[WARNING: A Java agent has been loaded dynamically (/Users/lumojica/.gradle/caches/modules-2/files-2.1/net.bytebuddy/byte-buddy-agent/1.14.12/be4984cb6fd1ef1d11f218a648889dfda44b8a15/byte-buddy-agent-1.14.12.jar)
WARNING: If a serviceability tool is in use, please run with -XX:+EnableDynamicAgentLoading to hide this warning
WARNING: If a serviceability tool is not in use, please run with -Djdk.instrument.traceUsage for more information
WARNING: Dynamic loading of agents will be disallowed by default in a future release
]]></system-err>
</testsuite>
